[INFO] 2026-01-01 User logged in
[ERROR] 2026-01-01 Database connection failed
[WARNING] 2026-01-01 CPU usage high
[INFO] 2026-01-02 Profile updated
[ERROR] 2026-01-02 Connection refused
[WARNING] 2026-01-02 High response time
[INFO] 2026-01-03 User registered
[ERROR] 2026-01-03 Payment failed
[WARNING] 2026-01-03 High memory usage
[INFO] 2026-01-04 File uploaded
[ERROR] 2026-01-04 API timeout
[WARNING] 2026-01-04 Network latency
[INFO] 2026-01-05 Settings updated
[ERROR] 2026-01-05 Service unavailable
[WARNING] 2026-01-05 Low disk space
[INFO] 2026-01-06 User logged out
[ERROR] 2026-01-06 Unauthorized access
[WARNING] 2026-01-06 Disk nearing capacity
[INFO] 2026-01-07 Session started
[ERROR] 2026-01-07 Token expired
[WARNING] 2026-01-07 Memory leak suspected
[INFO] 2026-01-08 User logged in
[ERROR] 2026-01-08 Database connection failed
[WARNING] 2026-01-08 CPU usage high
[INFO] 2026-01-09 Profile updated
[ERROR] 2026-01-09 Connection refused
[WARNING] 2026-01-09 High response time
[INFO] 2026-01-10 User registered
[ERROR] 2026-01-10 Payment failed
[WARNING] 2026-01-10 High memory usage
[INFO] 2026-01-11 File uploaded
[ERROR] 2026-01-11 API timeout
[WARNING] 2026-01-11 Network latency
[INFO] 2026-01-12 Settings updated
[ERROR] 2026-01-12 Service unavailable
[WARNING] 2026-01-12 Low disk space
[INFO] 2026-01-13 User logged out
[ERROR] 2026-01-13 Unauthorized access
[WARNING] 2026-01-13 Disk nearing capacity
[INFO] 2026-01-14 Session started
[ERROR] 2026-01-14 Token expired
[WARNING] 2026-01-14 Memory leak suspected
[INFO] 2026-01-15 User logged in
[ERROR] 2026-01-15 Database connection failed
[WARNING] 2026-01-15 CPU usage high
[INFO] 2026-01-16 Profile updated
[ERROR] 2026-01-16 Connection refused
[WARNING] 2026-01-16 High response time
[INFO] 2026-01-17 User registered
[ERROR] 2026-01-17 Payment failed
[WARNING] 2026-01-17 High memory usage
[INFO] 2026-01-18 File uploaded
[ERROR] 2026-01-18 API timeout
[WARNING] 2026-01-18 Network latency
[INFO] 2026-01-19 Settings updated
[ERROR] 2026-01-19 Service unavailable
[WARNING] 2026-01-19 Low disk space
[INFO] 2026-01-20 User logged out
[ERROR] 2026-01-20 Unauthorized access
[WARNING] 2026-01-20 Disk nearing capacity
[INFO] 2026-01-21 Session started
[ERROR] 2026-01-21 Token expired
[WARNING] 2026-01-21 Memory leak suspected
[INFO] 2026-01-22 User logged in
[ERROR] 2026-01-22 Database connection failed
[WARNING] 2026-01-22 CPU usage high
[INFO] 2026-01-23 Profile updated
[ERROR] 2026-01-23 Connection refused
[WARNING] 2026-01-23 High response time
[INFO] 2026-01-24 User registered
[ERROR] 2026-01-24 Payment failed
[WARNING] 2026-01-24 High memory usage
[INFO] 2026-01-25 File uploaded
[ERROR] 2026-01-25 API timeout
[WARNING] 2026-01-25 Network latency
[INFO] 2026-01-26 Settings updated
[ERROR] 2026-01-26 Service unavailable
[WARNING] 2026-01-26 Low disk space
[INFO] 2026-01-27 User logged out
[ERROR] 2026-01-27 Unauthorized access
[WARNING] 2026-01-27 Disk nearing capacity
[INFO] 2026-01-28 Session started
[ERROR] 2026-01-28 Token expired
[WARNING] 2026-01-28 Memory leak suspected
[INFO] 2026-01-29 User logged in
[ERROR] 2026-01-29 Database connection failed
[WARNING] 2026-01-29 CPU usage high
[INFO] 2026-01-30 Profile updated
[ERROR] 2026-01-30 Connection refused
[WARNING] 2026-01-30 High response time
[INFO] 2026-01-31 User registered
[ERROR] 2026-01-31 Payment failed
[WARNING] 2026-01-31 High memory usage
[INFO] 2026-02-01 File uploaded
[ERROR] 2026-02-01 API timeout
[WARNING] 2026-02-01 Network latency
[INFO] 2026-02-02 Settings updated
[ERROR] 2026-02-02 Service unavailable
[WARNING] 2026-02-02 Low disk space
[INFO] 2026-02-03 User logged out
[ERROR] 2026-02-03 Unauthorized access
[WARNING] 2026-02-03 Disk nearing capacity
[INFO] 2026-02-04 Session started
[ERROR] 2026-02-04 Token expired
[WARNING] 2026-02-04 Memory leak suspected
[INFO] 2026-02-05 User logged in
[ERROR] 2026-02-05 Database connection failed
[WARNING] 2026-02-05 CPU usage high
[INFO] 2026-02-06 Profile updated
[ERROR] 2026-02-06 Connection refused
[WARNING] 2026-02-06 High response time
[INFO] 2026-02-07 User registered
[ERROR] 2026-02-07 Payment failed
[WARNING] 2026-02-07 High memory usage
[INFO] 2026-02-08 File uploaded
[ERROR] 2026-02-08 API timeout
[WARNING] 2026-02-08 Network latency
[INFO] 2026-02-09 Settings updated
[ERROR] 2026-02-09 Service unavailable
[WARNING] 2026-02-09 Low disk space
[INFO] 2026-02-10 User logged out
[ERROR] 2026-02-10 Unauthorized access
[WARNING] 2026-02-10 Disk nearing capacity
[INFO] 2026-02-11 Session started
[ERROR] 2026-02-11 Token expired
[WARNING] 2026-02-11 Memory leak suspected
[INFO] 2026-02-12 User logged in
[ERROR] 2026-02-12 Database connection failed
[WARNING] 2026-02-12 CPU usage high
[INFO] 2026-02-13 Profile updated
[ERROR] 2026-02-13 Connection refused
[WARNING] 2026-02-13 High response time
[INFO] 2026-02-14 User registered
[ERROR] 2026-02-14 Payment failed
[WARNING] 2026-02-14 High memory usage
[INFO] 2026-02-15 File uploaded
[ERROR] 2026-02-15 API timeout
[WARNING] 2026-02-15 Network latency
[INFO] 2026-02-16 Settings updated
[ERROR] 2026-02-16 Service unavailable
[WARNING] 2026-02-16 Low disk space
[INFO] 2026-02-17 User logged out
[ERROR] 2026-02-17 Unauthorized access
[WARNING] 2026-02-17 Disk nearing capacity
[INFO] 2026-02-18 Session started
[ERROR] 2026-02-18 Token expired
[WARNING] 2026-02-18 Memory leak suspected
[INFO] 2026-02-19 User logged in
[ERROR] 2026-02-19 Database connection failed
[WARNING] 2026-02-19 CPU usage high
[INFO] 2026-02-20 Profile updated
[ERROR] 2026-02-20 Connection refused
[WARNING] 2026-02-20 High response time
[INFO] 2026-02-21 User registered
[ERROR] 2026-02-21 Payment failed
[WARNING] 2026-02-21 High memory usage
[INFO] 2026-02-22 File uploaded
[ERROR] 2026-02-22 API timeout
[WARNING] 2026-02-22 Network latency
[INFO] 2026-02-23 Settings updated
[ERROR] 2026-02-23 Service unavailable
[WARNING] 2026-02-23 Low disk space
[INFO] 2026-02-24 User logged out
[ERROR] 2026-02-24 Unauthorized access
[WARNING] 2026-02-24 Disk nearing capacity
[INFO] 2026-02-25 Session started
[ERROR] 2026-02-25 Token expired
[WARNING] 2026-02-25 Memory leak suspected
[INFO] 2026-02-26 User logged in
[ERROR] 2026-02-26 Database connection failed
[WARNING] 2026-02-26 CPU usage high
[INFO] 2026-02-27 Profile updated
[ERROR] 2026-02-27 Connection refused
[WARNING] 2026-02-27 High response time
[INFO] 2026-02-28 User registered
[ERROR] 2026-02-28 Payment failed
[WARNING] 2026-02-28 High memory usage
[INFO] 2026-03-01 File uploaded
[ERROR] 2026-03-01 API timeout
[WARNING] 2026-03-01 Network latency
[INFO] 2026-03-02 Settings updated
[ERROR] 2026-03-02 Service unavailable
[WARNING] 2026-03-02 Low disk space
[INFO] 2026-03-03 User logged out
[ERROR] 2026-03-03 Unauthorized access
[WARNING] 2026-03-03 Disk nearing capacity
[INFO] 2026-03-04 Session started
[ERROR] 2026-03-04 Token expired
[WARNING] 2026-03-04 Memory leak suspected
[INFO] 2026-03-05 User logged in
[ERROR] 2026-03-05 Database connection failed
[WARNING] 2026-03-05 CPU usage high
[INFO] 2026-03-06 Profile updated
[ERROR] 2026-03-06 Connection refused
[WARNING] 2026-03-06 High response time
[INFO] 2026-03-07 User registered
[ERROR] 2026-03-07 Payment failed
[WARNING] 2026-03-07 High memory usage
[INFO] 2026-03-08 File uploaded
[ERROR] 2026-03-08 API timeout